Command: vlogan +incdir+../ +incdir+../seq_and_test/ -full64 -ntb_opts uvm-1.2 -sverilog \
-timescale=1ns/1ns -nc -l comp.log +incdir+../../d_file ../../d_file/v_ARS_modmult.v \
../../d_file/v_ARS_RSACypher.v ../rsa_pkg.sv ../tb.sv
Parsing design file '../../d_file/v_ARS_modmult.v'
Parsing design file '../../d_file/v_ARS_RSACypher.v'
Parsing design file '../rsa_pkg.sv'
Parsing included file '/opt/synopsys/vcs/O-2018.09-SP2/etc/uvm-1.2/uvm_macros.svh'.
Parsing included file '/opt/synopsys/vcs/O-2018.09-SP2/etc/uvm-1.2/macros/uvm_version_defines.svh'.
Back to file '/opt/synopsys/vcs/O-2018.09-SP2/etc/uvm-1.2/uvm_macros.svh'.
Parsing included file '/opt/synopsys/vcs/O-2018.09-SP2/etc/uvm-1.2/macros/uvm_global_defines.svh'.
Back to file '/opt/synopsys/vcs/O-2018.09-SP2/etc/uvm-1.2/uvm_macros.svh'.
Parsing included file '/opt/synopsys/vcs/O-2018.09-SP2/etc/uvm-1.2/macros/uvm_message_defines.svh'.
Back to file '/opt/synopsys/vcs/O-2018.09-SP2/etc/uvm-1.2/uvm_macros.svh'.
Parsing included file '/opt/synopsys/vcs/O-2018.09-SP2/etc/uvm-1.2/macros/uvm_phase_defines.svh'.
Back to file '/opt/synopsys/vcs/O-2018.09-SP2/etc/uvm-1.2/uvm_macros.svh'.
Parsing included file '/opt/synopsys/vcs/O-2018.09-SP2/etc/uvm-1.2/macros/uvm_object_defines.svh'.
Back to file '/opt/synopsys/vcs/O-2018.09-SP2/etc/uvm-1.2/uvm_macros.svh'.
Parsing included file '/opt/synopsys/vcs/O-2018.09-SP2/etc/uvm-1.2/macros/uvm_printer_defines.svh'.
Back to file '/opt/synopsys/vcs/O-2018.09-SP2/etc/uvm-1.2/uvm_macros.svh'.
Parsing included file '/opt/synopsys/vcs/O-2018.09-SP2/etc/uvm-1.2/macros/uvm_tlm_defines.svh'.
Parsing included file '/opt/synopsys/vcs/O-2018.09-SP2/etc/uvm-1.2/tlm1/uvm_tlm_imps.svh'.
Back to file '/opt/synopsys/vcs/O-2018.09-SP2/etc/uvm-1.2/macros/uvm_tlm_defines.svh'.
Back to file '/opt/synopsys/vcs/O-2018.09-SP2/etc/uvm-1.2/uvm_macros.svh'.
Parsing included file '/opt/synopsys/vcs/O-2018.09-SP2/etc/uvm-1.2/macros/uvm_sequence_defines.svh'.
Back to file '/opt/synopsys/vcs/O-2018.09-SP2/etc/uvm-1.2/uvm_macros.svh'.
Parsing included file '/opt/synopsys/vcs/O-2018.09-SP2/etc/uvm-1.2/macros/uvm_callback_defines.svh'.
Back to file '/opt/synopsys/vcs/O-2018.09-SP2/etc/uvm-1.2/uvm_macros.svh'.
Parsing included file '/opt/synopsys/vcs/O-2018.09-SP2/etc/uvm-1.2/macros/uvm_reg_defines.svh'.
Back to file '/opt/synopsys/vcs/O-2018.09-SP2/etc/uvm-1.2/uvm_macros.svh'.
Parsing included file '/opt/synopsys/vcs/O-2018.09-SP2/etc/uvm-1.2/macros/uvm_deprecated_defines.svh'.
Back to file '/opt/synopsys/vcs/O-2018.09-SP2/etc/uvm-1.2/uvm_macros.svh'.
Back to file '../rsa_pkg.sv'.
Parsing included file '../rsa_trans.sv'.
Back to file '../rsa_pkg.sv'.
Parsing included file '../seq_and_test/rsa_base_sequence.sv'.
Back to file '../rsa_pkg.sv'.
Parsing included file '../rsa_driver.sv'.
Back to file '../rsa_pkg.sv'.
Parsing included file '../rsa_monitor.sv'.
Back to file '../rsa_pkg.sv'.
Parsing included file '../rsa_sequencer.sv'.
Back to file '../rsa_pkg.sv'.
Parsing included file '../rsa_agent.sv'.
Back to file '../rsa_pkg.sv'.
Parsing included file '../rsa_scoreboard.sv'.
Back to file '../rsa_pkg.sv'.
Parsing included file '../rsa_virtual_sequencer.sv'.
Back to file '../rsa_pkg.sv'.
Parsing included file '../rsa_env.sv'.
Back to file '../rsa_pkg.sv'.
Parsing included file '../seq_and_test/rsa_base_test.sv'.
Back to file '../rsa_pkg.sv'.
Parsing included file '../seq_and_test/rsa_virtual_sequence.sv'.
Back to file '../rsa_pkg.sv'.
Parsing included file '../seq_and_test/rsa_access_sequence.sv'.
Back to file '../rsa_pkg.sv'.
Parsing included file '../seq_and_test/rsa_access_test.sv'.
Back to file '../rsa_pkg.sv'.
Parsing included file '../seq_and_test/rsa_encrypt_2048b_sequence.sv'.
Back to file '../rsa_pkg.sv'.
Parsing included file '../seq_and_test/rsa_encrypt_2048b_test.sv'.
Back to file '../rsa_pkg.sv'.
Parsing included file '../seq_and_test/rsa_decrypt_2048b_sequence.sv'.
Back to file '../rsa_pkg.sv'.
Parsing included file '../seq_and_test/rsa_decrypt_2048b_test.sv'.
Back to file '../rsa_pkg.sv'.
Parsing included file '../seq_and_test/rsa_encrypt_1024b_sequence.sv'.
Back to file '../rsa_pkg.sv'.
Parsing included file '../seq_and_test/rsa_encrypt_1024b_test.sv'.
Back to file '../rsa_pkg.sv'.
Parsing included file '../seq_and_test/rsa_decrypt_1024b_sequence.sv'.
Back to file '../rsa_pkg.sv'.
Parsing included file '../seq_and_test/rsa_decrypt_1024b_test.sv'.
Back to file '../rsa_pkg.sv'.
Parsing included file '../seq_and_test/rsa_txt_2048b_sequence.sv'.
Back to file '../rsa_pkg.sv'.
Parsing included file '../seq_and_test/rsa_txt_2048b_test.sv'.
Back to file '../rsa_pkg.sv'.
Parsing included file '../seq_and_test/rsa_txt_1024b_sequence.sv'.
Back to file '../rsa_pkg.sv'.
Parsing included file '../seq_and_test/rsa_txt_1024b_test.sv'.
Back to file '../rsa_pkg.sv'.
Parsing design file '../tb.sv'
Parsing included file '../rsa_intf.sv'.
Back to file '../tb.sv'.
