# Preference setting overrides
gui_create_pref_key -category {Globals} -key {load_detail_for_funcov} -value_type {bool} -value {false}

# State setting overrides
gui_state_default_create -off -ini
gui_set_state_value -category Globals -key recent_cov_databases -value {/home/chongyu/project/rkv_labs/v3_labs/v3.2_i2c/lab3/rkv_i2c_tb/sim/out/cov.vdb /home/chongyu/project/rkv_labs/v2_labs/v2.1_sv/lab5/tb.simv.vdb}
gui_set_state_value -category Globals -key recent_sessions -value {{gui_load_session -ignore_errors -file /home/chongyu/project/rkv_labs/v3_labs/v3.2_i2c/lab3/rkv_i2c_tb/sim/DVEfiles/dve_checkpoint_31508_2.tcl} {gui_load_session -ignore_errors -file /home/chongyu/project/rkv_labs/v3_labs/v3.2_i2c/lab3/rkv_i2c_tb/sim/DVEfiles/dve_checkpoint_31508_1.tcl} {gui_load_session -ignore_errors -file /home/chongyu/project/rkv_labs/v2_labs/v2.1_sv/lab1/DVEfiles/dve_checkpoint_5635_2.tcl} {gui_load_session -ignore_errors -file /home/chongyu/project/rkv_labs/v2_labs/v2.1_sv/lab1/DVEfiles/dve_checkpoint_5635_1.tcl}}
gui_set_state_value -category Layout -key child_assertion_size_x -value 1919
gui_set_state_value -category Layout -key child_assertion_size_y -value 148
gui_set_state_value -category Layout -key child_console_size_x -value 1914
gui_set_state_value -category Layout -key child_console_size_y -value 866
gui_set_state_value -category Layout -key child_covdetail_docknewline -value false
gui_set_state_value -category Layout -key child_covdetail_pos_x -value {-2}
gui_set_state_value -category Layout -key child_covdetail_pos_y -value {-15}
gui_set_state_value -category Layout -key child_covdetail_size_x -value 1267
gui_set_state_value -category Layout -key child_covdetail_size_y -value 850
gui_set_state_value -category Layout -key child_coveragemap_docknewline -value false
gui_set_state_value -category Layout -key child_coveragemap_pos_x -value {-2}
gui_set_state_value -category Layout -key child_coveragemap_pos_y -value {-15}
gui_set_state_value -category Layout -key child_coveragemap_size_x -value 1720
gui_set_state_value -category Layout -key child_coveragemap_size_y -value 737
gui_set_state_value -category Layout -key child_coveragetable_docknewline -value false
gui_set_state_value -category Layout -key child_coveragetable_pos_x -value {-2}
gui_set_state_value -category Layout -key child_coveragetable_pos_y -value {-15}
gui_set_state_value -category Layout -key child_coveragetable_size_x -value 1267
gui_set_state_value -category Layout -key child_coveragetable_size_y -value 850
gui_set_state_value -category Layout -key child_covhier_col1 -value 1
gui_set_state_value -category Layout -key child_covhier_col2 -value 2
gui_set_state_value -category Layout -key child_covhier_size_x -value 199
gui_set_state_value -category Layout -key child_covhier_size_y -value 743
gui_set_state_value -category Layout -key child_data_coltype -value 153
gui_set_state_value -category Layout -key child_data_colvalue -value 98
gui_set_state_value -category Layout -key child_data_colvariable -value 271
gui_set_state_value -category Layout -key child_data_size_x -value 520
gui_set_state_value -category Layout -key child_data_size_y -value 123
gui_set_state_value -category Layout -key child_driver_size_x -value 1647
gui_set_state_value -category Layout -key child_driver_size_y -value 179
gui_set_state_value -category Layout -key child_hier_col3 -value {-1}
gui_set_state_value -category Layout -key child_hier_colhier -value 285
gui_set_state_value -category Layout -key child_hier_colpd -value 0
gui_set_state_value -category Layout -key child_hier_coltype -value 61
gui_set_state_value -category Layout -key child_hier_size_x -value 331
gui_set_state_value -category Layout -key child_hier_size_y -value 123
gui_set_state_value -category Layout -key child_hvp_size_x -value 105
gui_set_state_value -category Layout -key child_hvp_size_y -value 855
gui_set_state_value -category Layout -key child_list_down -value 757
gui_set_state_value -category Layout -key child_list_right -value 1764
gui_set_state_value -category Layout -key child_source_docknewline -value false
gui_set_state_value -category Layout -key child_source_pos_x -value {-2}
gui_set_state_value -category Layout -key child_source_pos_y -value {-15}
gui_set_state_value -category Layout -key child_source_size_x -value 1065
gui_set_state_value -category Layout -key child_source_size_y -value 1
gui_set_state_value -category Layout -key child_watch_size_x -value 1515
gui_set_state_value -category Layout -key child_watch_size_y -value 161
gui_set_state_value -category Layout -key child_wave_colname -value 152
gui_set_state_value -category Layout -key child_wave_colvalue -value 42
gui_set_state_value -category Layout -key child_wave_left -value 198
gui_set_state_value -category Layout -key child_wave_right -value 1716
gui_set_state_value -category Layout -key cov_main_pos_x -value 10
gui_set_state_value -category Layout -key cov_main_pos_y -value 56
gui_set_state_value -category Layout -key cov_main_size_x -value 1917
gui_set_state_value -category Layout -key cov_main_size_y -value 1170
gui_set_state_value -category Layout -key main_pos_x -value 3
gui_set_state_value -category Layout -key main_pos_y -value 49
gui_set_state_value -category Layout -key main_size_x -value 1917
gui_set_state_value -category Layout -key main_size_y -value 1050
gui_set_state_value -category Layout -key stand_covdetail_child_docknewline -value false
gui_set_state_value -category Layout -key stand_covdetail_child_pos_x -value {-2}
gui_set_state_value -category Layout -key stand_covdetail_child_pos_y -value {-15}
gui_set_state_value -category Layout -key stand_covdetail_child_size_x -value 1864
gui_set_state_value -category Layout -key stand_covdetail_child_size_y -value 914
gui_set_state_value -category Layout -key stand_covdetail_top_pos_x -value 58
gui_set_state_value -category Layout -key stand_covdetail_top_pos_y -value 51
gui_set_state_value -category Layout -key stand_covdetail_top_size_x -value 1917
gui_set_state_value -category Layout -key stand_covdetail_top_size_y -value 1050
gui_set_state_value -category Layout -key stand_coveragetable_child_docknewline -value false
gui_set_state_value -category Layout -key stand_coveragetable_child_pos_x -value {-2}
gui_set_state_value -category Layout -key stand_coveragetable_child_pos_y -value {-15}
gui_set_state_value -category Layout -key stand_coveragetable_child_size_x -value 1924
gui_set_state_value -category Layout -key stand_coveragetable_child_size_y -value 921
gui_set_state_value -category Layout -key stand_coveragetable_top_pos_x -value 542
gui_set_state_value -category Layout -key stand_coveragetable_top_pos_y -value 280
gui_set_state_value -category Layout -key stand_coveragetable_top_size_x -value 2461
gui_set_state_value -category Layout -key stand_coveragetable_top_size_y -value 1286
gui_set_state_value -category Layout -key stand_list_child_pos_x -value {-2}
gui_set_state_value -category Layout -key stand_list_child_pos_y -value {-15}
gui_set_state_value -category Layout -key stand_list_child_size_x -value 1924
gui_set_state_value -category Layout -key stand_list_child_size_y -value 902
gui_set_state_value -category Layout -key stand_list_top_pos_x -value 502
gui_set_state_value -category Layout -key stand_list_top_pos_y -value 48
gui_set_state_value -category Layout -key stand_list_top_size_x -value 2421
gui_set_state_value -category Layout -key stand_list_top_size_y -value 1054
gui_set_state_value -category Layout -key stand_source_child_pos_x -value {-2}
gui_set_state_value -category Layout -key stand_source_child_pos_y -value {-15}
gui_set_state_value -category Layout -key stand_source_child_size_x -value 1066
gui_set_state_value -category Layout -key stand_source_child_size_y -value 31
gui_set_state_value -category Layout -key stand_source_top_pos_x -value 552
gui_set_state_value -category Layout -key stand_source_top_pos_y -value 473
gui_set_state_value -category Layout -key stand_source_top_size_x -value 1051
gui_set_state_value -category Layout -key stand_source_top_size_y -value 872
gui_set_state_value -category Layout -key stand_wave_child_docknewline -value false
gui_set_state_value -category Layout -key stand_wave_child_pos_x -value {-2}
gui_set_state_value -category Layout -key stand_wave_child_pos_y -value {-15}
gui_set_state_value -category Layout -key stand_wave_child_size_x -value 1924
gui_set_state_value -category Layout -key stand_wave_child_size_y -value 902
gui_set_state_value -category Layout -key stand_wave_top_pos_x -value 58
gui_set_state_value -category Layout -key stand_wave_top_pos_y -value 51
gui_set_state_value -category Layout -key stand_wave_top_size_x -value 1977
gui_set_state_value -category Layout -key stand_wave_top_size_y -value 1057
gui_set_state_value -category Data -key showAssertion -value false
gui_set_state_value -category Class -key showOVM -value false
gui_set_state_value -category Class -key showRVM -value false
gui_set_state_value -category Class -key showUVM -value false
gui_set_state_value -category Class -key showVMM -value false
gui_set_state_value -category Member -key showBaseMember -value true
gui_set_state_value -category Member -key showInternalMember -value true
gui_set_state_value -category ObjectBrowser -key showAllVars -value false
gui_set_state_value -category ObjectBrowser -key showBaseMembers -value false
gui_set_state_value -category ObjectBrowser -key showTaskFuncAutoVar -value false
gui_set_state_value -category ObjectBrowser -key showTaskFuncStaticVar -value false
gui_create_state_key -category FindDialog -key m_pMatchCase -value_type bool -value false
gui_create_state_key -category FindDialog -key m_pMatchWord -value_type bool -value false
gui_create_state_key -category FindDialog -key m_pUseCombo -value_type string -value {}
gui_create_state_key -category FindDialog -key m_pWrapAround -value_type bool -value true
gui_create_state_key -category Widget_History -key TopLevel.1|qt_left_dock|DockWnd1|HSPane.1|pages|Class.1|hbox|textfilter -value_type string -value {*read_packet* *driver* *friver* *10bit*}
gui_create_state_key -category Widget_History -key TopLevel.1|qt_left_dock|DockWnd1|HSPane.1|pages|Hier.1|hbox|textfilter -value_type string -value {*fo* *form* *formatter* *mcdf*}
gui_create_state_key -category Widget_History -key {TopLevel.1|qt_left_dock|DockWnd1|HSPane.1|pages|Stack.1|Stack.1_hbox|text filter} -value_type string -value *driver*
gui_create_state_key -category Widget_History -key TopLevel.1|qt_left_dock|DockWnd2|DLPane.1|pages|Data.1|hbox|textfilter -value_type string -value {*ic_sar* *ic_sar *ic_tar* *ic_tar}
gui_create_state_key -category Widget_History -key {dlgSimSetup|m_setupTab|tab pages|SimTab|m_VPDCombo} -value_type string -value inter.vpd
gui_create_state_key -category Widget_History -key {dlgSimSetup|m_setupTab|tab pages|SimTab|m_argsCombo} -value_type string -value {{+ntb_random_seed=0717151621 +UVM_NO_RELNOTES +UVM_VERBOSITY=UVM_HIGH +UVM_TESTNAME=rkv_i2c_master_fs_cnt_test -a out/sim/rkv_i2c_master_fs_cnt_test_0717151621.log -cm_dir out/cov.vdb -cm_name rkv_i2c_master_fs_cnt_test_0717151621} {-ucligui +ntb_random_seed=0716201448 +UVM_NO_RELNOTES +UVM_VERBOSITY=UVM_HIGH +UVM_TESTNAME=rkv_i2c_master_ss_cnt_test -l out/sim/rkv_i2c_master_ss_cnt_test_0716201448.log -cm_dir out/cov.vdb -cm_name rkv_i2c_master_ss_cnt_test_0716201448} {+ntb_random_seed=0714101419 +UVM_NO_RELNOTES +UVM_VERBOSITY=UVM_HIGH +UVM_TESTNAME=rkv_i2c_user_master_tx_cmd_block_test -a out/sim/rkv_i2c_user_master_tx_cmd_block_test_seed_0714101419.log -cm_dir out/cov -cm_name rkv_i2c_user_master_tx_cmd_block_test_seed_0714101419} {-a run.log +ntb_random_seed=1 +TESTNAME=mcdf_formatter_grant_test} {-ucligui -l run.log +ntb_random_seed=1 +TESTNAME=mcdf_formatter_length_test}}
gui_create_state_key -category Widget_History -key {dlgSimSetup|m_setupTab|tab pages|SimTab|m_curDirCombo} -value_type string -value {/home/chongyu/project/rkv_labs/v3_labs/v3.2_i2c/lab3/rkv_i2c_tb/sim /home/chongyu/project/rkv_labs/v2_labs/v2.1_sv/lab4}
gui_create_state_key -category Widget_History -key {dlgSimSetup|m_setupTab|tab pages|SimTab|m_exeCombo} -value_type string -value {out/obj/rkv_i2c_tb.simv /home/chongyu/project/rkv_labs/v3_labs/v3.2_i2c/lab3/rkv_i2c_tb/sim/out/obj/rkv_i2c_tb.simv tb.simv /home/chongyu/project/rkv_labs/v2_labs/v2.1_sv/lab4/tb.simv}
gui_create_state_key -category Layout_CoverageTable_covtblFGroupsList -key names -value_type string -value {Group,    , ,  ,   ,Score,Assert,Covergroup,}
gui_create_state_key -category Layout_CoverageTable_covtblFGroupsList -key orders -value_type string -value 4,0,1,2,3,5,6,7,
gui_create_state_key -category Layout_CoverageTable_covtblFGroupsList -key widths -value_type string -value 455,0,25,0,0,206,125,162,
gui_create_state_key -category Layout_CoverageTable_covtblInstancesList -key names -value_type string -value {Name,    , ,  ,   ,Score,Assert,}
gui_create_state_key -category Layout_CoverageTable_covtblInstancesList -key orders -value_type string -value 4,0,1,2,3,5,6,
gui_create_state_key -category Layout_CoverageTable_covtblInstancesList -key widths -value_type string -value 220,0,25,0,0,125,125,
gui_create_state_key -category Layout_CoverageTable_covtblModulesList -key names -value_type string -value {Name,    , ,  ,   ,Score,Assert,}
gui_create_state_key -category Layout_CoverageTable_covtblModulesList -key orders -value_type string -value 4,0,1,2,3,5,6,
gui_create_state_key -category Layout_CoverageTable_covtblModulesList -key widths -value_type string -value 220,0,25,0,0,125,125,
gui_create_state_key -category Layout_CovDetail_lnListView -key names -value_type string -value Category,Coverage,
gui_create_state_key -category Layout_CovDetail_lnListView -key orders -value_type string -value 0,1,
gui_create_state_key -category Layout_CovDetail_lnListView -key widths -value_type string -value 111,125,
gui_create_state_key -category Layout_CovDetail_tglListView -key names -value_type string -value {Variable, ,  ,   ,Type,Coverage,Display,}
gui_create_state_key -category Layout_CovDetail_tglListView -key orders -value_type string -value 3,0,1,2,4,5,6,
gui_create_state_key -category Layout_CovDetail_tglListView -key widths -value_type string -value 140,25,0,0,50,125,1057,
gui_create_state_key -category Layout_CovDetail_tglDetailListView -key names -value_type string -value {Variable, ,  ,   ,0->1,1->0,}
gui_create_state_key -category Layout_CovDetail_tglDetailListView -key orders -value_type string -value 3,0,1,2,4,5,
gui_create_state_key -category Layout_CovDetail_tglDetailListView -key widths -value_type string -value 140,25,0,0,50,50,
gui_create_state_key -category Layout_CovDetail_fsmListView -key names -value_type string -value {FSM, ,  ,   ,State,Transition,Sequence,}
gui_create_state_key -category Layout_CovDetail_fsmListView -key orders -value_type string -value 3,0,1,2,5,4,6,
gui_create_state_key -category Layout_CovDetail_fsmListView -key widths -value_type string -value 66,25,0,0,125,125,125,
gui_create_state_key -category Layout_CovDetail_fsmlist -key names -value_type string -value {Coverage, ,  ,   ,Transition,}
gui_create_state_key -category Layout_CovDetail_fsmlist -key orders -value_type string -value 3,0,1,2,4,
gui_create_state_key -category Layout_CovDetail_fsmlist -key widths -value_type string -value 125,25,0,0,70,
gui_create_state_key -category Layout_CovDetail_cndListView -key names -value_type string -value {Expression, ,  ,   ,ID,Coverage,Line No.,}
gui_create_state_key -category Layout_CovDetail_cndListView -key orders -value_type string -value 3,0,1,2,4,5,6,
gui_create_state_key -category Layout_CovDetail_cndListView -key widths -value_type string -value 320,25,0,0,0,125,63,
gui_create_state_key -category Layout_CovDetail_brListView -key names -value_type string -value {Name, ,  ,   ,Coverage,Line No.,}
gui_create_state_key -category Layout_CovDetail_brListView -key orders -value_type string -value 3,0,1,2,4,5,
gui_create_state_key -category Layout_CovDetail_brListView -key widths -value_type string -value 225,25,0,0,125,63,
gui_create_state_key -category Layout_CovDetail_designAssertListView -key names -value_type string -value {Assert Name,    , ,  ,   ,Attempts,Real Successes,Failures,Incompletes,Category,Severity,}
gui_create_state_key -category Layout_CovDetail_designAssertListView -key orders -value_type string -value 4,0,1,2,3,5,6,7,8,9,10,
gui_create_state_key -category Layout_CovDetail_designAssertListView -key widths -value_type string -value 110,0,25,0,0,63,106,61,82,67,62,
gui_create_state_key -category Layout_CovDetail_codeMiddleSplitter -key value1 -value_type integer -value 10
gui_create_state_key -category Layout_CovDetail_codeMiddleSplitter -key value2 -value_type integer -value 294
gui_create_state_key -category Layout_CovDetail_cndSplitter -key value1 -value_type integer -value 100
gui_create_state_key -category Layout_CovDetail_cndSplitter -key value2 -value_type integer -value 192
gui_create_state_key -category Layout_CovDetail_covGrpInsListView -key names -value_type string -value {Cover Group Item,    , ,  ,   ,Definition,Score,Goal,Weight,At Least,Per Instance,Overlap,Auto Bin Max,Print Missing,Comment,}
gui_create_state_key -category Layout_CovDetail_covGrpInsListView -key orders -value_type string -value 4,0,1,2,3,5,6,7,8,9,10,11,12,13,14,
gui_create_state_key -category Layout_CovDetail_covGrpInsListView -key widths -value_type string -value 294,0,25,0,0,68,125,30,42,50,74,0,80,76,55,
gui_create_state_key -category Layout_CovDetail_covGrpDefListView -key names -value_type string -value {Cover Group Item,    , ,  ,   ,Score,Goal,Weight,At Least,Per Instance,Overlap,Auto Bin Max,Print Missing,Comment,}
gui_create_state_key -category Layout_CovDetail_covGrpDefListView -key orders -value_type string -value 4,0,1,2,3,5,6,7,8,9,10,11,12,13,
gui_create_state_key -category Layout_CovDetail_covGrpDefListView -key widths -value_type string -value 451,0,25,0,0,125,66,78,86,110,0,116,112,91,
gui_create_state_key -category Layout_CovDetail_m_CovGrpTable -key names -value_type string -value {Bin Name,    , ,  ,   ,Status,Cross,At Least,Size,Hit Count,}
gui_create_state_key -category Layout_CovDetail_m_CovGrpTable -key orders -value_type string -value 5,0,1,2,3,4,6,7,8,9,
gui_create_state_key -category Layout_CovDetail_m_CovGrpTable -key widths -value_type string -value 275,0,25,0,0,150,0,62,40,68,
gui_create_state_key -category {Layout_CovDetail_assertion list} -key names -value_type string -value {Instance,    , ,  ,   ,Assert Name,Attempts,Real Successes,Failures,Incompletes,Category,Severity,}
gui_create_state_key -category {Layout_CovDetail_assertion list} -key orders -value_type string -value 4,0,1,2,3,5,6,7,8,9,10,11,
gui_create_state_key -category {Layout_CovDetail_assertion list} -key widths -value_type string -value 86,0,25,0,0,111,87,130,110,106,91,86,
gui_create_state_key -category Layout_CovDetail_funMiddleSplitter -key value1 -value_type integer -value 848
gui_create_state_key -category Layout_CovDetail_funMiddleSplitter -key value2 -value_type integer -value 389
gui_create_state_key -category Layout_CovDetail_splitterWithPrefVal -key value1 -value_type integer -value 100
gui_create_state_key -category Layout_CovDetail_splitterWithPrefVal -key value2 -value_type integer -value 1
gui_state_default_create -off

# Begin command logging
gui_set_pref_value -category {Globals} -key {smart_resize} -value {false}
gui_set_pref_value -category {Globals} -key {smart_resize} -value {true}
gui_sim_run Ucli -exe tb.simv -args {-ucligui  -a run.log -cm line+tgl+branch -cm_name tb_1 +ntb_random_seed=1 +UVM_TESTNAME=rsa_txt_1024b_test} -dir .
gui_sim_continue  
gui_sim_stop 
